{
  "RSpec": {
    "coverage": {
      "/Users/joop_stark/turing_work/4mod/intermission/teashop/backend/spec/requests/api/v1/customer_subscription_spec.rb": {
        "lines": [
          1,
          null,
          1,
          1,
          1,
          1,
          null,
          null,
          1,
          null,
          null,
          null,
          null,
          1,
          null,
          1,
          1,
          null,
          1,
          1,
          1,
          1,
          1,
          1,
          1,
          1,
          null,
          null,
          null,
          1,
          1,
          1,
          null,
          null,
          1,
          null,
          null,
          null,
          null,
          1,
          null,
          1,
          null,
          1,
          null,
          1,
          1,
          1,
          null,
          null,
          null,
          1,
          1,
          1,
          null,
          1,
          1,
          null,
          1,
          null,
          1,
          null,
          1,
          null,
          1,
          1,
          null,
          null,
          null,
          null,
          null
        ]
      },
      "/Users/joop_stark/turing_work/4mod/intermission/teashop/backend/config/environment.rb": {
        "lines": [
          null,
          1,
          null,
          null,
          1
        ]
      },
      "/Users/joop_stark/turing_work/4mod/intermission/teashop/backend/config/application.rb": {
        "lines": [
          1,
          null,
          1,
          null,
          1,
          1,
          1,
          1,
          1,
          1,
          1,
          1,
          1,
          1,
          null,
          null,
          null,
          null,
          1,
          null,
          1,
          1,
          null,
          1,
          null,
          null,
          null,
          null,
          null,
          null,
          null,
          null,
          null,
          null,
          null,
          null,
          1,
          null,
          null
        ]
      },
      "/Users/joop_stark/turing_work/4mod/intermission/teashop/backend/config/boot.rb": {
        "lines": [
          1,
          null,
          1,
          1
        ]
      },
      "/Users/joop_stark/turing_work/4mod/intermission/teashop/backend/config/environments/test.rb": {
        "lines": [
          1,
          null,
          null,
          null,
          null,
          null,
          null,
          1,
          null,
          null,
          null,
          1,
          null,
          null,
          null,
          null,
          1,
          null,
          null,
          1,
          1,
          null,
          null,
          null,
          null,
          1,
          1,
          1,
          null,
          null,
          1,
          null,
          null,
          1,
          null,
          null,
          1,
          null,
          1,
          null,
          null,
          null,
          null,
          1,
          null,
          null,
          1,
          null,
          null,
          1,
          null,
          null,
          1,
          null,
          null,
          null,
          null,
          null,
          null,
          null
        ]
      },
      "/Users/joop_stark/turing_work/4mod/intermission/teashop/backend/config/initializers/cors.rb": {
        "lines": [
          null,
          null,
          null,
          null,
          null,
          null,
          null,
          null,
          null,
          null,
          null,
          null,
          null,
          null,
          null,
          null
        ]
      },
      "/Users/joop_stark/turing_work/4mod/intermission/teashop/backend/config/initializers/filter_parameter_logging.rb": {
        "lines": [
          null,
          null,
          null,
          null,
          null,
          1,
          null,
          null
        ]
      },
      "/Users/joop_stark/turing_work/4mod/intermission/teashop/backend/config/initializers/inflections.rb": {
        "lines": [
          null,
          null,
          null,
          null,
          null,
          null,
          null,
          null,
          null,
          null,
          null,
          null,
          null,
          null,
          null,
          null
        ]
      },
      "/Users/joop_stark/turing_work/4mod/intermission/teashop/backend/config/routes.rb": {
        "lines": [
          1,
          null,
          null,
          null,
          null,
          1,
          1,
          1,
          null,
          null,
          null
        ]
      },
      "/Users/joop_stark/turing_work/4mod/intermission/teashop/backend/app/models/subscription.rb": {
        "lines": [
          1,
          1,
          1,
          1,
          null
        ]
      },
      "/Users/joop_stark/turing_work/4mod/intermission/teashop/backend/app/models/application_record.rb": {
        "lines": [
          1,
          1,
          null
        ]
      },
      "/Users/joop_stark/turing_work/4mod/intermission/teashop/backend/app/models/customer.rb": {
        "lines": [
          1,
          1,
          1,
          null
        ]
      },
      "/Users/joop_stark/turing_work/4mod/intermission/teashop/backend/app/models/customer_subscription.rb": {
        "lines": [
          1,
          1,
          1,
          null
        ]
      },
      "/Users/joop_stark/turing_work/4mod/intermission/teashop/backend/app/controllers/api/v1/customer_subscriptions_controller.rb": {
        "lines": [
          1,
          1,
          1,
          null,
          null,
          1,
          1,
          null,
          null,
          1,
          1,
          null,
          null
        ]
      },
      "/Users/joop_stark/turing_work/4mod/intermission/teashop/backend/app/controllers/application_controller.rb": {
        "lines": [
          1,
          null
        ]
      },
      "/Users/joop_stark/turing_work/4mod/intermission/teashop/backend/app/facades/customer_subscription_facade.rb": {
        "lines": [
          1,
          1,
          1,
          null,
          null,
          1,
          null,
          null,
          1,
          1,
          1,
          null,
          null,
          1,
          1,
          1,
          null,
          1,
          null,
          null
        ]
      },
      "/Users/joop_stark/turing_work/4mod/intermission/teashop/backend/app/serializers/customer_subscription_serializer.rb": {
        "lines": [
          1,
          1,
          1,
          null
        ]
      },
      "/Users/joop_stark/turing_work/4mod/intermission/teashop/backend/app/serializers/customer_subscription_relationship_serializer.rb": {
        "lines": [
          1,
          1,
          1,
          null,
          1,
          null,
          null
        ]
      },
      "/Users/joop_stark/turing_work/4mod/intermission/teashop/backend/app/serializers/subscription_serializer.rb": {
        "lines": [
          1,
          1,
          1,
          null
        ]
      }
    },
    "timestamp": 1701123707
  }
}
